<?xml version="1.0" encoding="UTF-8"?>
<!-- Generated by org.testng.reporters.JUnitReportReporter -->
<testsuite skipped="0" hostname="MacBook-Air.local" name="com.swagatika.learning.seleniumtest.EbayMainTest" tests="1" failures="0" timestamp="2022-02-08T06:11:02 IST" time="34.513" errors="0">
  <testcase name="validateEbayTest" time="34.513" classname="com.swagatika.learning.seleniumtest.EbayMainTest"/>
  <system-out/>
</testsuite> <!-- com.swagatika.learning.seleniumtest.EbayMainTest -->
